Temp/gradleOut/build/outputs/logs/manifest-merger-release-report.txt
-- Merging decision tree log ---
manifest
ADDED from src\main\AndroidManifest.xml:2:1-33:12
INJECTED from src\main\AndroidManifest.xml:2:1-33:12
INJECTED from src\main\AndroidManifest.xml:2:1-33:12
INJECTED from src\main\AndroidManifest.xml:2:1-33:12
MERGED from [:android.arch.lifecycle.runtime-1.0.0:] AndroidManifest.xml:17:1-30:12
MERGED from [:com.android.support.animated-vector-drawable-26.1.0:] AndroidManifest.xml:17:1-28:12
MERGED from [:com.android.support.appcompat-v7-26.1.0:] AndroidManifest.xml:17:1-31:12
MERGED from [:com.android.support.cardview-v7-26.1.0:] AndroidManifest.xml:17:1-28:12
MERGED from [:com.android.support.customtabs-26.1.0:] AndroidManifest.xml:17:1-28:12
MERGED from [:com.android.support.support-compat-26.1.0:] AndroidManifest.xml:17:1-31:12
MERGED from [:com.android.support.support-core-ui-26.1.0:] AndroidManifest.xml:17:1-31:12
MERGED from [:com.android.support.support-core-utils-26.1.0:] AndroidManifest.xml:17:1-31:12
MERGED from [:com.android.support.support-fragment-26.1.0:] AndroidManifest.xml:17:1-31:12
MERGED from [:com.android.support.support-media-compat-26.1.0:] AndroidManifest.xml:17:1-31:12
MERGED from [:com.android.support.support-v4-26.1.0:] AndroidManifest.xml:17:1-31:12
MERGED from [:com.android.support.support-vector-drawable-26.1.0:] AndroidManifest.xml:17:1-28:12
MERGED from [:com.google.android.gms.play-services-auth-16.0.1:] AndroidManifest.xml:17:1-39:12
MERGED from [:com.google.android.gms.play-services-auth-api-phone-16.0.0:] AndroidManifest.xml:2:1-7:12
MERGED from [:com.google.android.gms.play-services-auth-base-16.0.0:] AndroidManifest.xml:2:1-7:12
MERGED from [:com.google.android.gms.play-services-base-16.0.1:] AndroidManifest.xml:17:1-29:12
MERGED from [:com.google.android.gms.play-services-basement-16.0.1:] AndroidManifest.xml:17:1-28:12
MERGED from [:com.google.android.gms.play-services-drive-16.0.0:] AndroidManifest.xml:17:1-24:12
MERGED from [:com.google.android.gms.play-services-games-17.0.0:] AndroidManifest.xml:17:1-24:12
MERGED from [:com.google.android.gms.play-services-nearby-16.0.0:] AndroidManifest.xml:2:1-11:12
MERGED from [:com.google.android.gms.play-services-tasks-16.0.1:] AndroidManifest.xml:2:1-9:12
MERGED from [:com.google.games.gpgs-plugin-support-0.9.63:] AndroidManifest.xml:2:1-11:12
MERGED from [:common:] AndroidManifest.xml:2:1-12:12
MERGED from [:facebook-android-wrapper-7.12.0:] AndroidManifest.xml:21:1-30:12
MERGED from [:facebook-applinks:] AndroidManifest.xml:21:1-31:12
MERGED from [:facebook-common:] AndroidManifest.xml:21:1-36:12
MERGED from [:facebook-core:] AndroidManifest.xml:21:1-53:12
MERGED from [:facebook-login:] AndroidManifest.xml:21:1-31:12
MERGED from [:facebook-messenger:] AndroidManifest.xml:21:1-31:12
MERGED from [:facebook-places:] AndroidManifest.xml:21:1-31:12
MERGED from [:facebook-share:] AndroidManifest.xml:21:1-31:12
MERGED from [:GoogleAIDL:] AndroidManifest.xml:2:1-12:12
MERGED from [:GooglePlay:] AndroidManifest.xml:2:1-40:12
MERGED from [:UnityAds:] AndroidManifest.xml:2:1-37:12
MERGED from [:GoogleMobileAdsPlugin] AndroidManifest.xml:7:1-27:12
MERGED from [:GooglePlayGamesManifest.plugin] AndroidManifest.xml:6:1-32:12
INJECTED from src\main\AndroidManifest.xml:2:1-33:12
INJECTED from src\main\AndroidManifest.xml:2:1-33:12
INJECTED from src\main\AndroidManifest.xml:2:1-33:12
	package
		ADDED from src\main\AndroidManifest.xml:2:70-105
		INJECTED from src\main\AndroidManifest.xml
		INJECTED from src\main\AndroidManifest.xml
	android:versionName
		INJECTED from src\main\AndroidManifest.xml
		ADDED from src\main\AndroidManifest.xml:2:1-33:12
		INJECTED from src\main\AndroidManifest.xml
	xmlns:tools
		ADDED from src\main\AndroidManifest.xml:2:106-152
	android:versionCode
		INJECTED from src\main\AndroidManifest.xml
		ADDED from src\main\AndroidManifest.xml:2:1-33:12
		INJECTED from src\main\AndroidManifest.xml
	xmlns:android
		ADDED from src\main\AndroidManifest.xml:2:11-69
	android:installLocation
		ADDED from src\main\AndroidManifest.xml:2:153-193
supports-screens
ADDED from src\main\AndroidManifest.xml:3:3-163
	android:largeScreens
		ADDED from src\main\AndroidManifest.xml:3:78-105
	android:smallScreens
		ADDED from src\main\AndroidManifest.xml:3:21-48
	android:normalScreens
		ADDED from src\main\AndroidManifest.xml:3:49-77
	android:xlargeScreens
		ADDED from src\main\AndroidManifest.xml:3:106-134
	android:anyDensity
		ADDED from src\main\AndroidManifest.xml:3:135-160
application
ADDED from src\main\AndroidManifest.xml:4:3-27:17
MERGED from [:android.arch.lifecycle.runtime-1.0.0:] AndroidManifest.xml:24:5-28:19
MERGED from [:android.arch.lifecycle.runtime-1.0.0:] AndroidManifest.xml:24:5-28:19
MERGED from [:com.android.support.animated-vector-drawable-26.1.0:] AndroidManifest.xml:22:5-26:19
MERGED from [:com.android.support.animated-vector-drawable-26.1.0:] AndroidManifest.xml:22:5-26:19
MERGED from [:com.android.support.appcompat-v7-26.1.0:] AndroidManifest.xml:25:5-29:19
MERGED from [:com.android.support.appcompat-v7-26.1.0:] AndroidManifest.xml:25:5-29:19
MERGED from [:com.android.support.cardview-v7-26.1.0:] AndroidManifest.xml:22:5-26:19
MERGED from [:com.android.support.cardview-v7-26.1.0:] AndroidManifest.xml:22:5-26:19
MERGED from [:com.android.support.customtabs-26.1.0:] AndroidManifest.xml:22:5-26:19
MERGED from [:com.android.support.customtabs-26.1.0:] AndroidManifest.xml:22:5-26:19
MERGED from [:com.android.support.support-compat-26.1.0:] AndroidManifest.xml:25:5-29:19
MERGED from [:com.android.support.support-compat-26.1.0:] AndroidManifest.xml:25:5-29:19
MERGED from [:com.android.support.support-core-ui-26.1.0:] AndroidManifest.xml:25:5-29:19
MERGED from [:com.android.support.support-core-ui-26.1.0:] AndroidManifest.xml:25:5-29:19
MERGED from [:com.android.support.support-core-utils-26.1.0:] AndroidManifest.xml:25:5-29:19
MERGED from [:com.android.support.support-core-utils-26.1.0:] AndroidManifest.xml:25:5-29:19
MERGED from [:com.android.support.support-fragment-26.1.0:] AndroidManifest.xml:25:5-29:19
MERGED from [:com.android.support.support-fragment-26.1.0:] AndroidManifest.xml:25:5-29:19
MERGED from [:com.android.support.support-media-compat-26.1.0:] AndroidManifest.xml:25:5-29:19
MERGED from [:com.android.support.support-media-compat-26.1.0:] AndroidManifest.xml:25:5-29:19
MERGED from [:com.android.support.support-v4-26.1.0:] AndroidManifest.xml:25:5-29:19
MERGED from [:com.android.support.support-v4-26.1.0:] AndroidManifest.xml:25:5-29:19
MERGED from [:com.android.support.support-vector-drawable-26.1.0:] AndroidManifest.xml:22:5-26:19
MERGED from [:com.android.support.support-vector-drawable-26.1.0:] AndroidManifest.xml:22:5-26:19
MERGED from [:com.google.android.gms.play-services-auth-16.0.1:] AndroidManifest.xml:22:5-37:19
MERGED from [:com.google.android.gms.play-services-auth-16.0.1:] AndroidManifest.xml:22:5-37:19
MERGED from [:com.google.android.gms.play-services-base-16.0.1:] AndroidManifest.xml:22:5-27:19
MERGED from [:com.google.android.gms.play-services-base-16.0.1:] AndroidManifest.xml:22:5-27:19
MERGED from [:com.google.android.gms.play-services-basement-16.0.1:] AndroidManifest.xml:22:5-26:19
MERGED from [:com.google.android.gms.play-services-basement-16.0.1:] AndroidManifest.xml:22:5-26:19
MERGED from [:com.google.android.gms.play-services-drive-16.0.0:] AndroidManifest.xml:22:5-20
MERGED from [:com.google.android.gms.play-services-drive-16.0.0:] AndroidManifest.xml:22:5-20
MERGED from [:com.google.android.gms.play-services-games-17.0.0:] AndroidManifest.xml:22:5-20
MERGED from [:com.google.android.gms.play-services-games-17.0.0:] AndroidManifest.xml:22:5-20
MERGED from [:com.google.android.gms.play-services-nearby-16.0.0:] AndroidManifest.xml:9:5-20
MERGED from [:com.google.android.gms.play-services-nearby-16.0.0:] AndroidManifest.xml:9:5-20
MERGED from [:com.google.android.gms.play-services-tasks-16.0.1:] AndroidManifest.xml:7:5-20
MERGED from [:com.google.android.gms.play-services-tasks-16.0.1:] AndroidManifest.xml:7:5-20
MERGED from [:com.google.games.gpgs-plugin-support-0.9.63:] AndroidManifest.xml:9:5-20
MERGED from [:com.google.games.gpgs-plugin-support-0.9.63:] AndroidManifest.xml:9:5-20
MERGED from [:common:] AndroidManifest.xml:9:5-10:19
MERGED from [:common:] AndroidManifest.xml:9:5-10:19
MERGED from [:facebook-android-wrapper-7.12.0:] AndroidManifest.xml:28:5-20
MERGED from [:facebook-android-wrapper-7.12.0:] AndroidManifest.xml:28:5-20
MERGED from [:facebook-applinks:] AndroidManifest.xml:28:5-29:19
MERGED from [:facebook-applinks:] AndroidManifest.xml:28:5-29:19
MERGED from [:facebook-common:] AndroidManifest.xml:28:5-34:19
MERGED from [:facebook-common:] AndroidManifest.xml:28:5-34:19
MERGED from [:facebook-core:] AndroidManifest.xml:28:5-51:19
MERGED from [:facebook-core:] AndroidManifest.xml:28:5-51:19
MERGED from [:facebook-login:] AndroidManifest.xml:28:5-29:19
MERGED from [:facebook-login:] AndroidManifest.xml:28:5-29:19
MERGED from [:facebook-messenger:] AndroidManifest.xml:28:5-29:19
MERGED from [:facebook-messenger:] AndroidManifest.xml:28:5-29:19
MERGED from [:facebook-places:] AndroidManifest.xml:28:5-29:19
MERGED from [:facebook-places:] AndroidManifest.xml:28:5-29:19
MERGED from [:facebook-share:] AndroidManifest.xml:28:5-29:19
MERGED from [:facebook-share:] AndroidManifest.xml:28:5-29:19
MERGED from [:GoogleAIDL:] AndroidManifest.xml:9:5-10:19
MERGED from [:GoogleAIDL:] AndroidManifest.xml:9:5-10:19
MERGED from [:GooglePlay:] AndroidManifest.xml:22:5-38:19
MERGED from [:GooglePlay:] AndroidManifest.xml:22:5-38:19
MERGED from [:UnityAds:] AndroidManifest.xml:14:5-35:19
MERGED from [:UnityAds:] AndroidManifest.xml:14:5-35:19
MERGED from [:GoogleMobileAdsPlugin] AndroidManifest.xml:16:5-25:19
MERGED from [:GoogleMobileAdsPlugin] AndroidManifest.xml:16:5-25:19
MERGED from [:GooglePlayGamesManifest.plugin] AndroidManifest.xml:15:5-30:19
MERGED from [:GooglePlayGamesManifest.plugin] AndroidManifest.xml:15:5-30:19
	android:supportsRtl
		ADDED from [:facebook-applinks:] AndroidManifest.xml:28:18-44
	android:label
		ADDED from src\main\AndroidManifest.xml:4:90-122
	android:allowBackup
		ADDED from [:GooglePlay:] AndroidManifest.xml:22:18-44
	android:icon
		ADDED from src\main\AndroidManifest.xml:4:58-89
	android:banner
		ADDED from src\main\AndroidManifest.xml:4:145-182
	android:theme
		ADDED from src\main\AndroidManifest.xml:4:16-57
	android:isGame
		ADDED from src\main\AndroidManifest.xml:4:123-144
activity#com.unity3d.player.UnityPlayerActivity
ADDED from src\main\AndroidManifest.xml:5:5-12:16
	android:screenOrientation
		ADDED from src\main\AndroidManifest.xml:5:102-140
	android:label
		ADDED from src\main\AndroidManifest.xml:5:69-101
	android:launchMode
		ADDED from src\main\AndroidManifest.xml:5:141-172
	android:hardwareAccelerated
		ADDED from src\main\AndroidManifest.xml:5:355-390
	android:configChanges
		ADDED from src\main\AndroidManifest.xml:5:173-354
	android:name
		ADDED from src\main\AndroidManifest.xml:5:15-68
intent-filter#action:name:android.intent.action.MAIN+category:name:android.intent.category.LAUNCHER+category:name:android.intent.category.LEANBACK_LAUNCHER
ADDED from src\main\AndroidManifest.xml:6:7-10:23
action#android.intent.action.MAIN
ADDED from src\main\AndroidManifest.xml:7:9-61
	android:name
		ADDED from src\main\AndroidManifest.xml:7:17-58
category#android.intent.category.LAUNCHER
ADDED from src\main\AndroidManifest.xml:8:9-69
	android:name
		ADDED from src\main\AndroidManifest.xml:8:19-66
category#android.intent.category.LEANBACK_LAUNCHER
ADDED from src\main\AndroidManifest.xml:9:9-78
	android:name
		ADDED from src\main\AndroidManifest.xml:9:19-75
meta-data#unityplayer.UnityActivity
ADDED from src\main\AndroidManifest.xml:11:7-82
	android:value
		ADDED from src\main\AndroidManifest.xml:11:59-79
	android:name
		ADDED from src\main\AndroidManifest.xml:11:18-58
activity#com.facebook.unity.FBUnityLoginActivity
ADDED from src\main\AndroidManifest.xml:13:5-301
	android:configChanges
		ADDED from src\main\AndroidManifest.xml:13:70-227
	android:theme
		ADDED from src\main\AndroidManifest.xml:13:228-298
	android:name
		ADDED from src\main\AndroidManifest.xml:13:15-69
activity#com.facebook.unity.FBUnityDialogsActivity
ADDED from src\main\AndroidManifest.xml:14:5-303
	android:configChanges
		ADDED from src\main\AndroidManifest.xml:14:72-229
	android:theme
		ADDED from src\main\AndroidManifest.xml:14:230-300
	android:name
		ADDED from src\main\AndroidManifest.xml:14:15-71
activity#com.facebook.unity.FBUnityAppLinkActivity
ADDED from src\main\AndroidManifest.xml:15:5-98
	android:exported
		ADDED from src\main\AndroidManifest.xml:15:72-95
	android:name
		ADDED from src\main\AndroidManifest.xml:15:15-71
activity#com.facebook.unity.FBUnityDeepLinkingActivity
ADDED from src\main\AndroidManifest.xml:16:5-102
	android:exported
		ADDED from src\main\AndroidManifest.xml:16:76-99
	android:name
		ADDED from src\main\AndroidManifest.xml:16:15-75
activity#com.facebook.unity.FBUnityGameRequestActivity
ADDED from src\main\AndroidManifest.xml:17:5-78
	android:name
		ADDED from src\main\AndroidManifest.xml:17:15-75
activity#com.facebook.unity.FBUnityCreateGameGroupActivity
ADDED from src\main\AndroidManifest.xml:18:5-82
	android:name
		ADDED from src\main\AndroidManifest.xml:18:15-79
activity#com.facebook.unity.FBUnityJoinGameGroupActivity
ADDED from src\main\AndroidManifest.xml:19:5-80
	android:name
		ADDED from src\main\AndroidManifest.xml:19:15-77
activity#com.facebook.unity.AppInviteDialogActivity
ADDED from src\main\AndroidManifest.xml:20:5-75
	android:name
		ADDED from src\main\AndroidManifest.xml:20:15-72
meta-data#com.facebook.sdk.ApplicationId
ADDED from src\main\AndroidManifest.xml:21:5-99
	android:value
		ADDED from src\main\AndroidManifest.xml:21:62-96
	android:name
		ADDED from src\main\AndroidManifest.xml:21:16-61
provider#com.facebook.FacebookContentProvider
ADDED from src\main\AndroidManifest.xml:22:5-172
	android:authorities
		ADDED from src\main\AndroidManifest.xml:22:67-145
	android:exported
		ADDED from src\main\AndroidManifest.xml:22:146-169
	android:name
		ADDED from src\main\AndroidManifest.xml:22:15-66
meta-data#com.google.gms.ads.349011032571
ADDED from src\main\AndroidManifest.xml:23:5-130
	android:value
		ADDED from src\main\AndroidManifest.xml:23:63-127
	android:name
		ADDED from src\main\AndroidManifest.xml:23:16-62
meta-data#unity.build-id
ADDED from src\main\AndroidManifest.xml:24:5-101
	android:value
		ADDED from src\main\AndroidManifest.xml:24:46-98
	android:name
		ADDED from src\main\AndroidManifest.xml:24:16-45
meta-data#unity.splash-mode
ADDED from src\main\AndroidManifest.xml:25:5-69
	android:value
		ADDED from src\main\AndroidManifest.xml:25:49-66
	android:name
		ADDED from src\main\AndroidManifest.xml:25:16-48
meta-data#unity.splash-enable
ADDED from src\main\AndroidManifest.xml:26:5-74
	android:value
		ADDED from src\main\AndroidManifest.xml:26:51-71
	android:name
		ADDED from src\main\AndroidManifest.xml:26:16-50
uses-feature#0x00020000
ADDED from src\main\AndroidManifest.xml:28:3-52
	android:glEsVersion
		ADDED from src\main\AndroidManifest.xml:28:17-49
uses-permission#android.permission.INTERNET
ADDED from src\main\AndroidManifest.xml:29:3-65
MERGED from [:GooglePlay:] AndroidManifest.xml:11:5-67
MERGED from [:GooglePlay:] AndroidManifest.xml:11:5-67
MERGED from [:UnityAds:] AndroidManifest.xml:12:5-67
MERGED from [:UnityAds:] AndroidManifest.xml:12:5-67
	android:name
		ADDED from src\main\AndroidManifest.xml:29:20-62
uses-feature#android.hardware.touchscreen
ADDED from src\main\AndroidManifest.xml:30:3-88
	android:required
		ADDED from src\main\AndroidManifest.xml:30:61-85
	android:name
		ADDED from src\main\AndroidManifest.xml:30:17-60
uses-feature#android.hardware.touchscreen.multitouch
ADDED from src\main\AndroidManifest.xml:31:3-99
	android:required
		ADDED from src\main\AndroidManifest.xml:31:72-96
	android:name
		ADDED from src\main\AndroidManifest.xml:31:17-71
uses-feature#android.hardware.touchscreen.multitouch.distinct
ADDED from src\main\AndroidManifest.xml:32:3-108
	android:required
		ADDED from src\main\AndroidManifest.xml:32:81-105
	android:name
		ADDED from src\main\AndroidManifest.xml:32:17-80
uses-sdk
INJECTED from src\main\AndroidManifest.xml reason: use-sdk injection requested
INJECTED from src\main\AndroidManifest.xml
INJECTED from src\main\AndroidManifest.xml
MERGED from [:android.arch.lifecycle.runtime-1.0.0:] AndroidManifest.xml:20:5-22:41
MERGED from [:android.arch.lifecycle.runtime-1.0.0:] AndroidManifest.xml:20:5-22:41
MERGED from [:com.android.support.animated-vector-drawable-26.1.0:] AndroidManifest.xml:20:5-44
MERGED from [:com.android.support.animated-vector-drawable-26.1.0:] AndroidManifest.xml:20:5-44
MERGED from [:com.android.support.appcompat-v7-26.1.0:] AndroidManifest.xml:21:5-23:78
MERGED from [:com.android.support.appcompat-v7-26.1.0:] AndroidManifest.xml:21:5-23:78
MERGED from [:com.android.support.cardview-v7-26.1.0:] AndroidManifest.xml:20:5-44
MERGED from [:com.android.support.cardview-v7-26.1.0:] AndroidManifest.xml:20:5-44
MERGED from [:com.android.support.customtabs-26.1.0:] AndroidManifest.xml:20:5-44
MERGED from [:com.android.support.customtabs-26.1.0:] AndroidManifest.xml:20:5-44
MERGED from [:com.android.support.support-compat-26.1.0:] AndroidManifest.xml:21:5-23:58
MERGED from [:com.android.support.support-compat-26.1.0:] AndroidManifest.xml:21:5-23:58
MERGED from [:com.android.support.support-core-ui-26.1.0:] AndroidManifest.xml:21:5-23:58
MERGED from [:com.android.support.support-core-ui-26.1.0:] AndroidManifest.xml:21:5-23:58
MERGED from [:com.android.support.support-core-utils-26.1.0:] AndroidManifest.xml:21:5-23:61
MERGED from [:com.android.support.support-core-utils-26.1.0:] AndroidManifest.xml:21:5-23:61
MERGED from [:com.android.support.support-fragment-26.1.0:] AndroidManifest.xml:21:5-23:60
MERGED from [:com.android.support.support-fragment-26.1.0:] AndroidManifest.xml:21:5-23:60
MERGED from [:com.android.support.support-media-compat-26.1.0:] AndroidManifest.xml:21:5-23:63
MERGED from [:com.android.support.support-media-compat-26.1.0:] AndroidManifest.xml:21:5-23:63
MERGED from [:com.android.support.support-v4-26.1.0:] AndroidManifest.xml:21:5-23:54
MERGED from [:com.android.support.support-v4-26.1.0:] AndroidManifest.xml:21:5-23:54
MERGED from [:com.android.support.support-vector-drawable-26.1.0:] AndroidManifest.xml:20:5-44
MERGED from [:com.android.support.support-vector-drawable-26.1.0:] AndroidManifest.xml:20:5-44
MERGED from [:com.google.android.gms.play-services-auth-16.0.1:] AndroidManifest.xml:20:5-44
MERGED from [:com.google.android.gms.play-services-auth-16.0.1:] AndroidManifest.xml:20:5-44
MERGED from [:com.google.android.gms.play-services-auth-api-phone-16.0.0:] AndroidManifest.xml:5:5-44
MERGED from [:com.google.android.gms.play-services-auth-api-phone-16.0.0:] AndroidManifest.xml:5:5-44
MERGED from [:com.google.android.gms.play-services-auth-base-16.0.0:] AndroidManifest.xml:5:5-44
MERGED from [:com.google.android.gms.play-services-auth-base-16.0.0:] AndroidManifest.xml:5:5-44
MERGED from [:com.google.android.gms.play-services-base-16.0.1:] AndroidManifest.xml:20:5-44
MERGED from [:com.google.android.gms.play-services-base-16.0.1:] AndroidManifest.xml:20:5-44
MERGED from [:com.google.android.gms.play-services-basement-16.0.1:] AndroidManifest.xml:20:5-44
MERGED from [:com.google.android.gms.play-services-basement-16.0.1:] AndroidManifest.xml:20:5-44
MERGED from [:com.google.android.gms.play-services-drive-16.0.0:] AndroidManifest.xml:20:5-44
MERGED from [:com.google.android.gms.play-services-drive-16.0.0:] AndroidManifest.xml:20:5-44
MERGED from [:com.google.android.gms.play-services-games-17.0.0:] AndroidManifest.xml:20:5-44
MERGED from [:com.google.android.gms.play-services-games-17.0.0:] AndroidManifest.xml:20:5-44
MERGED from [:com.google.android.gms.play-services-nearby-16.0.0:] AndroidManifest.xml:5:5-44
MERGED from [:com.google.android.gms.play-services-nearby-16.0.0:] AndroidManifest.xml:5:5-44
MERGED from [:com.google.android.gms.play-services-tasks-16.0.1:] AndroidManifest.xml:5:5-44
MERGED from [:com.google.android.gms.play-services-tasks-16.0.1:] AndroidManifest.xml:5:5-44
MERGED from [:com.google.games.gpgs-plugin-support-0.9.63:] AndroidManifest.xml:7:5-44
MERGED from [:com.google.games.gpgs-plugin-support-0.9.63:] AndroidManifest.xml:7:5-44
MERGED from [:common:] AndroidManifest.xml:7:5-43
MERGED from [:common:] AndroidManifest.xml:7:5-43
MERGED from [:facebook-android-wrapper-7.12.0:] AndroidManifest.xml:24:5-26:41
MERGED from [:facebook-android-wrapper-7.12.0:] AndroidManifest.xml:24:5-26:41
MERGED from [:facebook-applinks:] AndroidManifest.xml:24:5-26:41
MERGED from [:facebook-applinks:] AndroidManifest.xml:24:5-26:41
MERGED from [:facebook-common:] AndroidManifest.xml:24:5-26:41
MERGED from [:facebook-common:] AndroidManifest.xml:24:5-26:41
MERGED from [:facebook-core:] AndroidManifest.xml:24:5-26:41
MERGED from [:facebook-core:] AndroidManifest.xml:24:5-26:41
MERGED from [:facebook-login:] AndroidManifest.xml:24:5-26:41
MERGED from [:facebook-login:] AndroidManifest.xml:24:5-26:41
MERGED from [:facebook-messenger:] AndroidManifest.xml:24:5-26:41
MERGED from [:facebook-messenger:] AndroidManifest.xml:24:5-26:41
MERGED from [:facebook-places:] AndroidManifest.xml:24:5-26:41
MERGED from [:facebook-places:] AndroidManifest.xml:24:5-26:41
MERGED from [:facebook-share:] AndroidManifest.xml:24:5-26:41
MERGED from [:facebook-share:] AndroidManifest.xml:24:5-26:41
MERGED from [:GoogleAIDL:] AndroidManifest.xml:7:5-43
MERGED from [:GoogleAIDL:] AndroidManifest.xml:7:5-43
MERGED from [:GooglePlay:] AndroidManifest.xml:7:5-9:41
MERGED from [:GooglePlay:] AndroidManifest.xml:7:5-9:41
MERGED from [:UnityAds:] AndroidManifest.xml:7:5-9:41
MERGED from [:UnityAds:] AndroidManifest.xml:7:5-9:41
MERGED from [:GoogleMobileAdsPlugin] AndroidManifest.xml:12:5-14:41
MERGED from [:GoogleMobileAdsPlugin] AndroidManifest.xml:12:5-14:41
MERGED from [:GooglePlayGamesManifest.plugin] AndroidManifest.xml:11:5-13:41
MERGED from [:GooglePlayGamesManifest.plugin] AndroidManifest.xml:11:5-13:41
INJECTED from src\main\AndroidManifest.xml
INJECTED from src\main\AndroidManifest.xml
	tools:overrideLibrary
		ADDED from [:com.android.support.appcompat-v7-26.1.0:] AndroidManifest.xml:23:9-75
	android:targetSdkVersion
		INJECTED from src\main\AndroidManifest.xml
		ADDED from src\main\AndroidManifest.xml
		INJECTED from src\main\AndroidManifest.xml
	android:minSdkVersion
		INJECTED from src\main\AndroidManifest.xml
		ADDED from src\main\AndroidManifest.xml
		INJECTED from src\main\AndroidManifest.xml
meta-data#android.arch.lifecycle.VERSION
ADDED from [:android.arch.lifecycle.runtime-1.0.0:] AndroidManifest.xml:25:9-27:47
	android:value
		ADDED from [:android.arch.lifecycle.runtime-1.0.0:] AndroidManifest.xml:27:13-44
	android:name
		ADDED from [:android.arch.lifecycle.runtime-1.0.0:] AndroidManifest.xml:26:13-58
meta-data#android.support.VERSION
ADDED from [:com.android.support.animated-vector-drawable-26.1.0:] AndroidManifest.xml:23:9-25:38
MERGED from [:com.android.support.appcompat-v7-26.1.0:] AndroidManifest.xml:26:9-28:38
MERGED from [:com.android.support.appcompat-v7-26.1.0:] AndroidManifest.xml:26:9-28:38
MERGED from [:com.android.support.cardview-v7-26.1.0:] AndroidManifest.xml:23:9-25:38
MERGED from [:com.android.support.cardview-v7-26.1.0:] AndroidManifest.xml:23:9-25:38
MERGED from [:com.android.support.customtabs-26.1.0:] AndroidManifest.xml:23:9-25:38
MERGED from [:com.android.support.customtabs-26.1.0:] AndroidManifest.xml:23:9-25:38
MERGED from [:com.android.support.support-compat-26.1.0:] AndroidManifest.xml:26:9-28:38
MERGED from [:com.android.support.support-compat-26.1.0:] AndroidManifest.xml:26:9-28:38
MERGED from [:com.android.support.support-core-ui-26.1.0:] AndroidManifest.xml:26:9-28:38
MERGED from [:com.android.support.support-core-ui-26.1.0:] AndroidManifest.xml:26:9-28:38
MERGED from [:com.android.support.support-core-utils-26.1.0:] AndroidManifest.xml:26:9-28:38
MERGED from [:com.android.support.support-core-utils-26.1.0:] AndroidManifest.xml:26:9-28:38
MERGED from [:com.android.support.support-fragment-26.1.0:] AndroidManifest.xml:26:9-28:38
MERGED from [:com.android.support.support-fragment-26.1.0:] AndroidManifest.xml:26:9-28:38
MERGED from [:com.android.support.support-media-compat-26.1.0:] AndroidManifest.xml:26:9-28:38
MERGED from [:com.android.support.support-media-compat-26.1.0:] AndroidManifest.xml:26:9-28:38
MERGED from [:com.android.support.support-v4-26.1.0:] AndroidManifest.xml:26:9-28:38
MERGED from [:com.android.support.support-v4-26.1.0:] AndroidManifest.xml:26:9-28:38
MERGED from [:com.android.support.support-vector-drawable-26.1.0:] AndroidManifest.xml:23:9-25:38
MERGED from [:com.android.support.support-vector-drawable-26.1.0:] AndroidManifest.xml:23:9-25:38
	android:value
		ADDED from [:com.android.support.animated-vector-drawable-26.1.0:] AndroidManifest.xml:25:13-35
	android:name
		ADDED from [:com.android.support.animated-vector-drawable-26.1.0:] AndroidManifest.xml:24:13-51
activity#com.google.android.gms.auth.api.signin.internal.SignInHubActivity
ADDED from [:com.google.android.gms.play-services-auth-16.0.1:] AndroidManifest.xml:23:9-27:75
	android:excludeFromRecents
		ADDED from [:com.google.android.gms.play-services-auth-16.0.1:] AndroidManifest.xml:25:13-46
	android:exported
		ADDED from [:com.google.android.gms.play-services-auth-16.0.1:] AndroidManifest.xml:26:13-37
	android:theme
		ADDED from [:com.google.android.gms.play-services-auth-16.0.1:] AndroidManifest.xml:27:13-72
	android:name
		ADDED from [:com.google.android.gms.play-services-auth-16.0.1:] AndroidManifest.xml:24:13-93
service#com.google.android.gms.auth.api.signin.RevocationBoundService
ADDED from [:com.google.android.gms.play-services-auth-16.0.1:] AndroidManifest.xml:33:9-36:110
	android:exported
		ADDED from [:com.google.android.gms.play-services-auth-16.0.1:] AndroidManifest.xml:35:13-36
	android:permission
		ADDED from [:com.google.android.gms.play-services-auth-16.0.1:] AndroidManifest.xml:36:13-107
	android:name
		ADDED from [:com.google.android.gms.play-services-auth-16.0.1:] AndroidManifest.xml:34:13-89
activity#com.google.android.gms.common.api.GoogleApiActivity
ADDED from [:com.google.android.gms.play-services-base-16.0.1:] AndroidManifest.xml:23:9-26:75
	android:exported
		ADDED from [:com.google.android.gms.play-services-base-16.0.1:] AndroidManifest.xml:25:13-37
	android:theme
		ADDED from [:com.google.android.gms.play-services-base-16.0.1:] AndroidManifest.xml:26:13-72
	android:name
		ADDED from [:com.google.android.gms.play-services-base-16.0.1:] AndroidManifest.xml:24:13-79
meta-data#com.google.android.gms.version
ADDED from [:com.google.android.gms.play-services-basement-16.0.1:] AndroidManifest.xml:23:9-25:69
	android:value
		ADDED from [:com.google.android.gms.play-services-basement-16.0.1:] AndroidManifest.xml:25:13-66
	android:name
		ADDED from [:com.google.android.gms.play-services-basement-16.0.1:] AndroidManifest.xml:24:13-58
uses-permission#android.permission.ACCESS_NETWORK_STATE
ADDED from [:com.google.android.gms.play-services-nearby-16.0.0:] AndroidManifest.xml:7:5-79
MERGED from [:UnityAds:] AndroidManifest.xml:11:5-79
MERGED from [:UnityAds:] AndroidManifest.xml:11:5-79
	android:name
		ADDED from [:com.google.android.gms.play-services-nearby-16.0.0:] AndroidManifest.xml:7:22-76
activity#com.facebook.FacebookActivity
ADDED from [:facebook-common:] AndroidManifest.xml:29:9-32:66
	android:configChanges
		ADDED from [:facebook-common:] AndroidManifest.xml:31:13-96
	android:theme
		ADDED from [:facebook-common:] AndroidManifest.xml:32:13-63
	android:name
		ADDED from [:facebook-common:] AndroidManifest.xml:30:13-57
activity#com.facebook.CustomTabMainActivity
ADDED from [:facebook-common:] AndroidManifest.xml:33:9-71
	android:name
		ADDED from [:facebook-common:] AndroidManifest.xml:33:19-68
provider#com.facebook.internal.FacebookInitProvider
ADDED from [:facebook-core:] AndroidManifest.xml:39:9-42:40
	android:authorities
		ADDED from [:facebook-core:] AndroidManifest.xml:41:13-72
	android:exported
		ADDED from [:facebook-core:] AndroidManifest.xml:42:13-37
	android:name
		ADDED from [:facebook-core:] AndroidManifest.xml:40:13-70
receiver#com.facebook.CurrentAccessTokenExpirationBroadcastReceiver
ADDED from [:facebook-core:] AndroidManifest.xml:44:9-50:20
	android:exported
		ADDED from [:facebook-core:] AndroidManifest.xml:46:13-37
	android:name
		ADDED from [:facebook-core:] AndroidManifest.xml:45:13-86
intent-filter#action:name:com.facebook.sdk.ACTION_CURRENT_ACCESS_TOKEN_CHANGED
ADDED from [:facebook-core:] AndroidManifest.xml:47:13-49:29
action#com.facebook.sdk.ACTION_CURRENT_ACCESS_TOKEN_CHANGED
ADDED from [:facebook-core:] AndroidManifest.xml:48:17-95
	android:name
		ADDED from [:facebook-core:] AndroidManifest.xml:48:25-92
uses-permission#com.android.vending.BILLING
ADDED from [:GooglePlay:] AndroidManifest.xml:12:5-67
	android:name
		ADDED from [:GooglePlay:] AndroidManifest.xml:12:22-64
uses-feature#android.software.vr.mode
ADDED from [:GooglePlay:] AndroidManifest.xml:14:5-16:36
	android:required
		ADDED from [:GooglePlay:] AndroidManifest.xml:16:9-33
	android:name
		ADDED from [:GooglePlay:] AndroidManifest.xml:15:9-48
uses-feature#android.software.vr.high_performance
ADDED from [:GooglePlay:] AndroidManifest.xml:18:5-20:36
	android:required
		ADDED from [:GooglePlay:] AndroidManifest.xml:20:9-33
	android:name
		ADDED from [:GooglePlay:] AndroidManifest.xml:19:9-60
activity#com.unity.purchasing.googleplay.PurchaseActivity
ADDED from [:GooglePlay:] AndroidManifest.xml:23:9-26:86
	android:configChanges
		ADDED from [:GooglePlay:] AndroidManifest.xml:25:13-170
	android:theme
		ADDED from [:GooglePlay:] AndroidManifest.xml:26:13-83
	android:name
		ADDED from [:GooglePlay:] AndroidManifest.xml:24:13-76